Building DAG of jobs...
Using shell: /usr/bin/bash
Provided cores: 1 (use --cores to define parallelism)
Rules claiming more threads will be scaled down.
Conda environments: ignored
Job counts:
	count	jobs
	1	all
	1	download_hg19_chromosomes
	1	profile_all_chromosomes
	3
Select jobs to execute...

[Mon May  3 21:30:44 2021]
rule download_hg19_chromosomes:
    output: rawdata/hg19, rawdata/hg19/download.done
    jobid: 2

Waiting at most 5 seconds for missing files.
MissingOutputException in line 22 of /home/ethan/Documents/github/hybrid_energy/snakefile:
Job Missing files after 5 seconds:
rawdata/hg19/download.done
This might be due to filesystem latency. If that is the case, consider to increase the wait time with --latency-wait.
Job id: 2 completed successfully, but some output files are missing. 2
  File "/home/ethan/anaconda3/envs/snakemake/lib/python3.9/site-packages/snakemake/executors/__init__.py", line 583, in handle_job_success
  File "/home/ethan/anaconda3/envs/snakemake/lib/python3.9/site-packages/snakemake/executors/__init__.py", line 252, in handle_job_success
Removing output files of failed job download_hg19_chromosomes since they might be corrupted:
rawdata/hg19
Shutting down, this might take some time.
Exiting because a job execution failed. Look above for error message
Complete log: /home/ethan/Documents/github/hybrid_energy/.snakemake/log/2021-05-03T213044.437057.snakemake.log
