Building DAG of jobs...
Using shell: /usr/bin/bash
Provided cores: 4
Rules claiming more threads will be scaled down.
Conda environments: ignored
Job counts:
	count	jobs
	1	all
	23	profile_hybrid_init_energies
	14	unzip_chrom_file
	38
Select jobs to execute...

[Mon May  3 21:57:44 2021]
rule unzip_chrom_file:
    input: rawdata/hg19/chr20.fa.gz
    output: rawdata/hg19/chr20.fa
    jobid: 59
    wildcards: chr_name=chr20


[Mon May  3 21:57:44 2021]
rule unzip_chrom_file:
    input: rawdata/hg19/chr10.fa.gz
    output: rawdata/hg19/chr10.fa
    jobid: 29
    wildcards: chr_name=chr10


[Mon May  3 21:57:44 2021]
rule unzip_chrom_file:
    input: rawdata/hg19/chr15.fa.gz
    output: rawdata/hg19/chr15.fa
    jobid: 44
    wildcards: chr_name=chr15


[Mon May  3 21:57:44 2021]
rule profile_hybrid_init_energies:
    input: rawdata/hg19/chr7.fa
    output: output/chr7.hybrid_init.bedgraph
    jobid: 19
    wildcards: chrom_name=chr7

[Mon May  3 21:57:44 2021]
Error in rule profile_hybrid_init_energies:
    jobid: 19
    output: output/chr7.hybrid_init.bedgraph

RuleException:
NameError in line 52 of /home/ethan/Documents/github/hybrid_energy/snakefile:
The name 'input' is unknown in this context. Please make sure that you defined that variable. Also note that braces not used for variable access have to be escaped by repeating them, i.e. {{print $1}}
  File "/home/ethan/anaconda3/envs/snakemake/lib/python3.9/site-packages/snakemake/executors/__init__.py", line 2326, in run_wrapper
  File "/home/ethan/Documents/github/hybrid_energy/snakefile", line 52, in __rule_profile_hybrid_init_energies
  File "/home/ethan/anaconda3/envs/snakemake/lib/python3.9/site-packages/snakemake/executors/__init__.py", line 568, in _callback
  File "/home/ethan/anaconda3/envs/snakemake/lib/python3.9/concurrent/futures/thread.py", line 52, in run
  File "/home/ethan/anaconda3/envs/snakemake/lib/python3.9/site-packages/snakemake/executors/__init__.py", line 554, in cached_or_run
  File "/home/ethan/anaconda3/envs/snakemake/lib/python3.9/site-packages/snakemake/executors/__init__.py", line 2357, in run_wrapper
[Mon May  3 21:57:44 2021]
Finished job 59.
1 of 38 steps (3%) done
[Mon May  3 21:57:44 2021]
Finished job 44.
2 of 38 steps (5%) done
[Mon May  3 21:57:44 2021]
Finished job 29.
3 of 38 steps (8%) done
Shutting down, this might take some time.
Exiting because a job execution failed. Look above for error message
Complete log: /home/ethan/Documents/github/hybrid_energy/.snakemake/log/2021-05-03T215744.028923.snakemake.log
