Building DAG of jobs...
Using shell: /usr/bin/bash
Provided cores: 1 (use --cores to define parallelism)
Rules claiming more threads will be scaled down.
Conda environments: ignored
Job counts:
	count	jobs
	1	all
	23	profile_hybrid_init_energies
	11	unzip_chrom_file
	35
Select jobs to execute...

[Mon May  3 22:00:11 2021]
rule profile_hybrid_init_energies:
    input: rawdata/hg19/chr5.fa
    output: output/chr5.hybrid_init.bedgraph
    jobid: 13
    wildcards: chrom_name=chr5

[Mon May  3 22:00:12 2021]
Error in rule profile_hybrid_init_energies:
    jobid: 13
    output: output/chr5.hybrid_init.bedgraph

RuleException:
CalledProcessError in line 52 of /home/ethan/Documents/github/hybrid_energy/snakefile:
Command 'set -euo pipefail;  /home/ethan/anaconda3/envs/snakemake/bin/python3.9 /home/ethan/Documents/github/hybrid_energy/.snakemake/scripts/tmpmwrwm4p5.profile_hybrid_energies.py' returned non-zero exit status 1.
  File "/home/ethan/anaconda3/envs/snakemake/lib/python3.9/site-packages/snakemake/executors/__init__.py", line 2326, in run_wrapper
  File "/home/ethan/Documents/github/hybrid_energy/snakefile", line 52, in __rule_profile_hybrid_init_energies
  File "/home/ethan/anaconda3/envs/snakemake/lib/python3.9/site-packages/snakemake/executors/__init__.py", line 568, in _callback
  File "/home/ethan/anaconda3/envs/snakemake/lib/python3.9/concurrent/futures/thread.py", line 52, in run
  File "/home/ethan/anaconda3/envs/snakemake/lib/python3.9/site-packages/snakemake/executors/__init__.py", line 554, in cached_or_run
  File "/home/ethan/anaconda3/envs/snakemake/lib/python3.9/site-packages/snakemake/executors/__init__.py", line 2357, in run_wrapper
Shutting down, this might take some time.
Exiting because a job execution failed. Look above for error message
Complete log: /home/ethan/Documents/github/hybrid_energy/.snakemake/log/2021-05-03T220011.759840.snakemake.log
